<?xml version="1.0" encoding="UTF-8"?>
<testsuite xmlns:xsi="http://www.w3.org/2001/XMLSchema-instance" xsi:noNamespaceSchemaLocation="https://maven.apache.org/surefire/maven-surefire-plugin/xsd/surefire-test-report-3.0.xsd" version="3.0" name="Test.InventarioControladorTest" time="0.058" tests="5" errors="0" skipped="0" failures="0">
  <properties>
[...]
</properties>
  <testcase name="buscarProducto_debeRetornarCoincidencias" classname="Test.InventarioControladorTest" time="0.042">
    <system-out><![CDATA[2025-07-14 06:35:49 [main] INFO  Controlador.InventarioControlador - Buscando productos por nombre o código: 'ABC'
]]></system-out>
  </testcase>
  <testcase name="listarProductos_debeRetornarLista" classname="Test.InventarioControladorTest" time="0.004">
    <system-out><![CDATA[2025-07-14 06:35:49 [main] INFO  Controlador.InventarioControlador - Listando todos los productos visibles del inventario.
]]></system-out>
  </testcase>
  <testcase name="ocultarProducto_conCodigoValido_debeLlamarDAO" classname="Test.InventarioControladorTest" time="0.002">
    <system-out><![CDATA[2025-07-14 06:35:49 [main] INFO  Controlador.InventarioControlador - Ocultando producto con código: 'X001'
2025-07-14 06:35:49 [main] INFO  Controlador.InventarioControlador - Producto con código 'X001' ocultado correctamente.
]]></system-out>
  </testcase>
  <testcase name="aumentarStock_debeActualizarStock" classname="Test.InventarioControladorTest" time="0.006">
    <system-out><![CDATA[2025-07-14 06:35:49 [main] INFO  Controlador.InventarioControlador - Aumentando stock del producto con código 'X001'. Cantidad: 3
]]></system-out>
  </testcase>
  <testcase name="obtenerProducto_conCodigoExistente_debeRetornarProducto" classname="Test.InventarioControladorTest" time="0.002">
    <system-out><![CDATA[2025-07-14 06:35:49 [main] INFO  Controlador.InventarioControlador - Obteniendo producto con código: '123'
]]></system-out>
  </testcase>
</testsuite>