<?xml version="1.0" encoding="UTF-8"?>
<testsuite xmlns:xsi="http://www.w3.org/2001/XMLSchema-instance" xsi:noNamespaceSchemaLocation="https://maven.apache.org/surefire/maven-surefire-plugin/xsd/surefire-test-report-3.0.xsd" version="3.0" name="com.proyecto.test.dao.UsuarioDAOTest" time="0.08" tests="4" errors="0" skipped="0" failures="0">
  <properties>
[...]
</properties>
  <testcase name="testValidarCredencialesCorrectas" classname="com.proyecto.test.dao.UsuarioDAOTest" time="0.053">
    <system-out><![CDATA[2025-06-10 14:26:05 [main] INFO  DAO.ConexionBD - Conexión exitosa a la base de datos.
2025-06-10 14:26:05 [main] INFO  DAO.UsuarioDAO - Credenciales válidas para usuario: admin
]]></system-out>
  </testcase>
  <testcase name="testValidarCredencialesConCamposVacios" classname="com.proyecto.test.dao.UsuarioDAOTest" time="0.001"/>
  <testcase name="testValidarCredencialesIncorrectas" classname="com.proyecto.test.dao.UsuarioDAOTest" time="0.022">
    <system-out><![CDATA[2025-06-10 14:26:05 [main] INFO  DAO.ConexionBD - Conexión exitosa a la base de datos.
2025-06-10 14:26:05 [main] WARN  DAO.UsuarioDAO - Intento de login fallido para usuario: usuarioNoExistente
]]></system-out>
  </testcase>
  <testcase name="testValidarCredencialesNulos" classname="com.proyecto.test.dao.UsuarioDAOTest" time="0.001"/>
</testsuite>